\BOOKMARK [1][-]{section.1}{\376\377\000I\000n\000t\000r\000o\000d\000u\000c\000t\000i\000o\000n}{}% 1
\BOOKMARK [1][-]{section.2}{\376\377\000S\000t\000a\000t\000e\000m\000e\000n\000t\000\040\000a\000n\000d\000\040\000M\000o\000t\000i\000v\000a\000t\000i\000o\000n\000\040\000o\000f\000\040\000R\000e\000s\000e\000a\000r\000c\000h}{}% 2
\BOOKMARK [2][-]{subsection.2.1}{\376\377\000S\000t\000o\000n\000e\000f\000i\000s\000h}{section.2}% 3
\BOOKMARK [3][-]{subsubsection.2.1.1}{\376\377\000S\000o\000n\000a\000r\000\040\000a\000n\000d\000\040\000C\000a\000m\000e\000r\000a\000\040\000s\000y\000s\000t\000e\000m\000s}{subsection.2.1}% 4
\BOOKMARK [3][-]{subsubsection.2.1.2}{\376\377\000S\000e\000n\000s\000o\000r\000s\000\040\000A\000t\000t\000a\000c\000h\000e\000d\000\040\000t\000o\000\040\000L\000i\000n\000k\000s}{subsection.2.1}% 5
\BOOKMARK [3][-]{subsubsection.2.1.3}{\376\377\000S\000e\000n\000s\000o\000r\000s\000\040\000A\000t\000t\000a\000c\000h\000e\000d\000\040\000t\000o\000\040\000J\000o\000i\000n\000t\000s}{subsection.2.1}% 6
\BOOKMARK [3][-]{subsubsection.2.1.4}{\376\377\000P\000h\000y\000s\000i\000c\000s\000-\000B\000a\000s\000e\000d\000\040\000M\000o\000d\000e\000l}{subsection.2.1}% 7
\BOOKMARK [2][-]{subsection.2.2}{\376\377\000H\000o\000l\000o\000O\000c\000e\000a\000n}{section.2}% 8
\BOOKMARK [3][-]{subsubsection.2.2.1}{\376\377\000S\000o\000n\000a\000r\000\040\000a\000n\000d\000\040\000C\000a\000m\000e\000r\000a\000\040\000S\000y\000s\000t\000e\000m\000s}{subsection.2.2}% 9
\BOOKMARK [3][-]{subsubsection.2.2.2}{\376\377\000S\000e\000n\000s\000o\000r\000s\000\040\000a\000t\000t\000a\000c\000h\000e\000d\000\040\000t\000o\000\040\000t\000h\000e\000\040\000a\000g\000e\000n\000t\000'\000s\000\040\000b\000o\000d\000y}{subsection.2.2}% 10
\BOOKMARK [3][-]{subsubsection.2.2.3}{\376\377\000S\000e\000n\000s\000o\000r\000s\000\040\000n\000o\000t\000\040\000a\000t\000t\000a\000c\000h\000e\000d\000\040\000t\000o\000\040\000t\000h\000e\000\040\000a\000g\000e\000n\000t\000'\000s\000\040\000b\000o\000d\000y}{subsection.2.2}% 11
\BOOKMARK [3][-]{subsubsection.2.2.4}{\376\377\000P\000h\000y\000s\000i\000c\000s\000-\000B\000a\000s\000e\000d\000\040\000M\000o\000d\000e\000l}{subsection.2.2}% 12
\BOOKMARK [1][-]{section.3}{\376\377\000D\000e\000s\000c\000r\000i\000p\000t\000i\000o\000n\000\040\000o\000f\000\040\000t\000h\000e\000\040\000I\000n\000v\000e\000s\000t\000i\000g\000a\000t\000i\000o\000n}{}% 13
\BOOKMARK [2][-]{subsection.3.1}{\376\377\000R\000e\000s\000o\000u\000r\000c\000e\000s\000\040\000a\000n\000d\000\040\000T\000o\000o\000l\000s}{section.3}% 14
\BOOKMARK [2][-]{subsection.3.2}{\376\377\000S\000t\000o\000n\000e\000f\000i\000s\000h}{section.3}% 15
\BOOKMARK [3][-]{subsubsection.3.2.1}{\376\377\000T\000e\000s\000t\000i\000n\000g\000\040\0001}{subsection.3.2}% 16
\BOOKMARK [3][-]{subsubsection.3.2.2}{\376\377\000T\000e\000s\000t\000i\000n\000g\000\040\0002}{subsection.3.2}% 17
\BOOKMARK [3][-]{subsubsection.3.2.3}{\376\377\000T\000e\000s\000t\000i\000n\000g\000\040\0003}{subsection.3.2}% 18
\BOOKMARK [3][-]{subsubsection.3.2.4}{\376\377\000T\000e\000s\000t\000i\000n\000g\000\040\0004}{subsection.3.2}% 19
\BOOKMARK [2][-]{subsection.3.3}{\376\377\000H\000o\000l\000o\000O\000c\000e\000a\000n}{section.3}% 20
\BOOKMARK [3][-]{subsubsection.3.3.1}{\376\377\000T\000e\000s\000t\000i\000n\000g\000\040\0001}{subsection.3.3}% 21
\BOOKMARK [3][-]{subsubsection.3.3.2}{\376\377\000T\000e\000s\000t\000i\000n\000g\000\040\0002}{subsection.3.3}% 22
\BOOKMARK [3][-]{subsubsection.3.3.3}{\376\377\000T\000e\000s\000t\000i\000n\000g\000\040\0003}{subsection.3.3}% 23
\BOOKMARK [3][-]{subsubsection.3.3.4}{\376\377\000T\000e\000s\000t\000i\000n\000g\000\040\0004}{subsection.3.3}% 24
\BOOKMARK [1][-]{section.4}{\376\377\000E\000v\000a\000l\000u\000a\000t\000i\000o\000n\000\040\000o\000f\000\040\000t\000h\000e\000\040\000I\000n\000v\000e\000s\000t\000i\000g\000a\000t\000i\000o\000n}{}% 25
\BOOKMARK [2][-]{subsection.4.1}{\376\377\000C\000o\000m\000p\000a\000r\000a\000t\000i\000v\000e\000\040\000A\000n\000a\000l\000y\000s\000i\000s\000\040\000o\000f\000\040\000S\000o\000n\000a\000r\000\040\000S\000e\000n\000s\000o\000r\000s}{section.4}% 26
\BOOKMARK [2][-]{subsection.4.2}{\376\377\000C\000o\000m\000p\000a\000r\000a\000t\000i\000v\000e\000\040\000A\000n\000a\000l\000y\000s\000i\000s\000\040\000o\000f\000\040\000N\000a\000v\000i\000g\000a\000t\000i\000o\000n\000\040\000S\000e\000n\000s\000o\000r\000s}{section.4}% 27
\BOOKMARK [2][-]{subsection.4.3}{\376\377\000C\000o\000m\000p\000a\000r\000a\000t\000i\000v\000e\000\040\000A\000n\000a\000l\000y\000s\000i\000s\000\040\000o\000f\000\040\000P\000h\000y\000s\000i\000c\000s\000-\000b\000a\000s\000e\000d\000\040\000M\000o\000d\000e\000l\000s}{section.4}% 28
\BOOKMARK [2][-]{subsection.4.4}{\376\377\000A\000n\000a\000l\000y\000s\000i\000s\000\040\000o\000f\000\040\000S\000t\000o\000n\000e\000f\000i\000s\000h}{section.4}% 29
\BOOKMARK [2][-]{subsection.4.5}{\376\377\000A\000n\000a\000l\000y\000s\000i\000s\000\040\000o\000f\000\040\000H\000o\000l\000o\000O\000c\000e\000a\000n}{section.4}% 30
\BOOKMARK [1][-]{section.5}{\376\377\000C\000o\000n\000c\000l\000u\000s\000i\000o\000n\000s}{}% 31
\BOOKMARK [1][-]{appendix.A}{\376\377\000C\000o\000l\000l\000e\000c\000t\000e\000d\000\040\000D\000a\000t\000a\000\040\000a\000n\000d\000\040\000C\000o\000d\000e}{}% 32
\BOOKMARK [2][-]{subsection.A.1}{\376\377\000S\000t\000o\000n\000e\000f\000i\000s\000h}{appendix.A}% 33
\BOOKMARK [2][-]{subsection.A.2}{\376\377\000H\000o\000l\000o\000O\000c\000e\000a\000n}{appendix.A}% 34
\BOOKMARK [1][-]{appendix.B}{\376\377\000A\000d\000d\000i\000t\000i\000o\000n\000a\000l\000\040\000T\000o\000o\000l\000s}{}% 35
\BOOKMARK [2][-]{subsection.B.1}{\376\377\000M\000a\000t\000l\000a\000b\0002\0000\0002\0003\000b}{appendix.B}% 36
